> Task :app:checkKotlinGradlePluginConfigurationErrors SKIPPED
> Task :app:preBuild UP-TO-DATE
> Task :app:preDebugBuild UP-TO-DATE
> Task :app:checkDebugAarMetadata UP-TO-DATE
> Task :app:processDebugNavigationResources UP-TO-DATE
> Task :app:compileDebugNavigationResources UP-TO-DATE
> Task :app:generateDebugResValues UP-TO-DATE
> Task :app:mapDebugSourceSetPaths UP-TO-DATE
> Task :app:generateDebugResources UP-TO-DATE
> Task :app:mergeDebugResources UP-TO-DATE
> Task :app:packageDebugResources UP-TO-DATE
> Task :app:parseDebugLocalResources UP-TO-DATE
> Task :app:createDebugCompatibleScreenManifests UP-TO-DATE
> Task :app:extractDeepLinksDebug UP-TO-DATE
> Task :app:processDebugMainManifest UP-TO-DATE
> Task :app:processDebugManifest UP-TO-DATE
> Task :app:processDebugManifestForPackage UP-TO-DATE
> Task :app:processDebugResources UP-TO-DATE
> Task :app:kspDebugKotlin UP-TO-DATE

> Task :app:compileDebugKotlin FAILED
e: file:///D:/learnkotline/app/src/main/java/com/hello/lets/test/screen/ui/settings/SettingsScreen.kt:201:33 Unresolved reference 'showThemeDialog'.
e: file:///D:/learnkotline/app/src/main/java/com/hello/lets/test/screen/ui/settings/SettingsScreen.kt:210:33 Unresolved reference 'showAccentDialog'.
e: file:///D:/learnkotline/app/src/main/java/com/hello/lets/test/screen/ui/settings/SettingsScreen.kt:226:25 Unresolved reference 'coroutineScope'.
e: file:///D:/learnkotline/app/src/main/java/com/hello/lets/test/screen/ui/settings/SettingsScreen.kt:234:29 Unresolved reference 'context'.
e: file:///D:/learnkotline/app/src/main/java/com/hello/lets/test/screen/ui/settings/SettingsScreen.kt:244:33 Unresolved reference 'showDeleteDialog'.
e: file:///D:/learnkotline/app/src/main/java/com/hello/lets/test/screen/ui/settings/SettingsScreen.kt:663:17 Argument already passed for this parameter.
e: file:///D:/learnkotline/app/src/main/java/com/hello/lets/test/screen/ui/settings/SettingsScreen.kt:666:21 @Composable invocations can only happen from the context of a @Composable function

FAILURE: Build failed with an exception.

* What went wrong:
Execution failed for task ':app:compileDebugKotlin'.
> A failure occurred while executing org.jetbrains.kotlin.compilerRunner.GradleCompilerRunnerWithWorkers$GradleKotlinCompilerWorkAction
   > Compilation error. See log for more details

* Try:
> Run with --stacktrace option to get the stack trace.
> Run with --info or --debug option to get more log output.
> Run with --scan to get full insights.
> Get more help at https://help.gradle.org.

BUILD FAILED in 5s
17 actionable tasks: 1 executed, 16 up-to-date
